[2025-09-13T18:10:21.232+0000] {processor.py:161} INFO - Started process (PID=164) to work on /opt/airflow/dags/dbt_transformations.py
[2025-09-13T18:10:21.234+0000] {processor.py:830} INFO - Processing file /opt/airflow/dags/dbt_transformations.py for tasks to queue
[2025-09-13T18:10:21.239+0000] {logging_mixin.py:188} INFO - [2025-09-13T18:10:21.239+0000] {dagbag.py:545} INFO - Filling up the DagBag from /opt/airflow/dags/dbt_transformations.py
[2025-09-13T18:10:21.265+0000] {processor.py:840} INFO - DAG(s) 'dbt_transformations' retrieved from /opt/airflow/dags/dbt_transformations.py
[2025-09-13T18:10:21.305+0000] {logging_mixin.py:188} INFO - [2025-09-13T18:10:21.304+0000] {dag.py:3089} INFO - Sync 1 DAGs
[2025-09-13T18:10:21.329+0000] {logging_mixin.py:188} INFO - [2025-09-13T18:10:21.329+0000] {dag.py:3947} INFO - Setting next_dagrun for dbt_transformations to 2025-09-12 00:00:00+00:00, run_after=2025-09-13 00:00:00+00:00
[2025-09-13T18:10:21.347+0000] {processor.py:183} INFO - Processing /opt/airflow/dags/dbt_transformations.py took 0.120 seconds
[2025-09-13T18:10:51.590+0000] {processor.py:161} INFO - Started process (PID=174) to work on /opt/airflow/dags/dbt_transformations.py
[2025-09-13T18:10:51.592+0000] {processor.py:830} INFO - Processing file /opt/airflow/dags/dbt_transformations.py for tasks to queue
[2025-09-13T18:10:51.597+0000] {logging_mixin.py:188} INFO - [2025-09-13T18:10:51.597+0000] {dagbag.py:545} INFO - Filling up the DagBag from /opt/airflow/dags/dbt_transformations.py
[2025-09-13T18:10:51.615+0000] {processor.py:840} INFO - DAG(s) 'dbt_transformations' retrieved from /opt/airflow/dags/dbt_transformations.py
[2025-09-13T18:10:51.648+0000] {logging_mixin.py:188} INFO - [2025-09-13T18:10:51.648+0000] {dag.py:3089} INFO - Sync 1 DAGs
[2025-09-13T18:10:51.703+0000] {logging_mixin.py:188} INFO - [2025-09-13T18:10:51.702+0000] {dag.py:3947} INFO - Setting next_dagrun for dbt_transformations to 2025-09-12 00:00:00+00:00, run_after=2025-09-13 00:00:00+00:00
[2025-09-13T18:10:51.757+0000] {processor.py:183} INFO - Processing /opt/airflow/dags/dbt_transformations.py took 0.183 seconds
[2025-09-13T18:11:21.861+0000] {processor.py:161} INFO - Started process (PID=184) to work on /opt/airflow/dags/dbt_transformations.py
[2025-09-13T18:11:21.863+0000] {processor.py:830} INFO - Processing file /opt/airflow/dags/dbt_transformations.py for tasks to queue
[2025-09-13T18:11:21.867+0000] {logging_mixin.py:188} INFO - [2025-09-13T18:11:21.867+0000] {dagbag.py:545} INFO - Filling up the DagBag from /opt/airflow/dags/dbt_transformations.py
[2025-09-13T18:11:21.882+0000] {processor.py:840} INFO - DAG(s) 'dbt_transformations' retrieved from /opt/airflow/dags/dbt_transformations.py
[2025-09-13T18:11:22.080+0000] {logging_mixin.py:188} INFO - [2025-09-13T18:11:22.080+0000] {dag.py:3089} INFO - Sync 1 DAGs
[2025-09-13T18:11:22.096+0000] {logging_mixin.py:188} INFO - [2025-09-13T18:11:22.096+0000] {dag.py:3947} INFO - Setting next_dagrun for dbt_transformations to 2025-09-12 00:00:00+00:00, run_after=2025-09-13 00:00:00+00:00
[2025-09-13T18:11:22.111+0000] {processor.py:183} INFO - Processing /opt/airflow/dags/dbt_transformations.py took 0.263 seconds
[2025-09-13T18:11:52.411+0000] {processor.py:161} INFO - Started process (PID=194) to work on /opt/airflow/dags/dbt_transformations.py
[2025-09-13T18:11:52.412+0000] {processor.py:830} INFO - Processing file /opt/airflow/dags/dbt_transformations.py for tasks to queue
[2025-09-13T18:11:52.415+0000] {logging_mixin.py:188} INFO - [2025-09-13T18:11:52.414+0000] {dagbag.py:545} INFO - Filling up the DagBag from /opt/airflow/dags/dbt_transformations.py
[2025-09-13T18:11:52.424+0000] {processor.py:840} INFO - DAG(s) 'dbt_transformations' retrieved from /opt/airflow/dags/dbt_transformations.py
[2025-09-13T18:11:52.439+0000] {logging_mixin.py:188} INFO - [2025-09-13T18:11:52.439+0000] {dag.py:3089} INFO - Sync 1 DAGs
[2025-09-13T18:11:52.452+0000] {logging_mixin.py:188} INFO - [2025-09-13T18:11:52.452+0000] {dag.py:3947} INFO - Setting next_dagrun for dbt_transformations to 2025-09-12 00:00:00+00:00, run_after=2025-09-13 00:00:00+00:00
[2025-09-13T18:11:52.463+0000] {processor.py:183} INFO - Processing /opt/airflow/dags/dbt_transformations.py took 0.061 seconds
