[2025-09-06T16:48:44.330+0000] {local_task_job_runner.py:120} INFO - ::group::Pre task execution logs
[2025-09-06T16:48:44.352+0000] {taskinstance.py:2076} INFO - Dependencies all met for dep_context=non-requeueable deps ti=<TaskInstance: dbt_transformations.dbt_run manual__2025-09-06T16:48:36.626210+00:00 [queued]>
[2025-09-06T16:48:44.357+0000] {taskinstance.py:2076} INFO - Dependencies all met for dep_context=requeueable deps ti=<TaskInstance: dbt_transformations.dbt_run manual__2025-09-06T16:48:36.626210+00:00 [queued]>
[2025-09-06T16:48:44.357+0000] {taskinstance.py:2306} INFO - Starting attempt 1 of 1
[2025-09-06T16:48:44.364+0000] {taskinstance.py:2330} INFO - Executing <Task(BashOperator): dbt_run> on 2025-09-06 16:48:36.626210+00:00
[2025-09-06T16:48:44.370+0000] {logging_mixin.py:188} WARNING - /home/***/.local/lib/python3.12/site-packages/***/task/task_runner/standard_task_runner.py:62 DeprecationWarning: This process (pid=4578) is multi-threaded, use of fork() may lead to deadlocks in the child.
[2025-09-06T16:48:44.371+0000] {standard_task_runner.py:64} INFO - Started process 4579 to run task
[2025-09-06T16:48:44.369+0000] {standard_task_runner.py:90} INFO - Running: ['***', 'tasks', 'run', 'dbt_transformations', 'dbt_run', 'manual__2025-09-06T16:48:36.626210+00:00', '--job-id', '107', '--raw', '--subdir', 'DAGS_FOLDER/dbt_transformations.py', '--cfg-path', '/tmp/tmp6lr2c1ud']
[2025-09-06T16:48:44.371+0000] {standard_task_runner.py:91} INFO - Job 107: Subtask dbt_run
[2025-09-06T16:48:44.401+0000] {task_command.py:426} INFO - Running <TaskInstance: dbt_transformations.dbt_run manual__2025-09-06T16:48:36.626210+00:00 [running]> on host dd8e0e853e24
[2025-09-06T16:48:44.452+0000] {taskinstance.py:2648} INFO - Exporting env vars: AIRFLOW_CTX_DAG_OWNER='***' AIRFLOW_CTX_DAG_ID='dbt_transformations' AIRFLOW_CTX_TASK_ID='dbt_run' AIRFLOW_CTX_EXECUTION_DATE='2025-09-06T16:48:36.626210+00:00' AIRFLOW_CTX_TRY_NUMBER='1' AIRFLOW_CTX_DAG_RUN_ID='manual__2025-09-06T16:48:36.626210+00:00'
[2025-09-06T16:48:44.452+0000] {taskinstance.py:430} INFO - ::endgroup::
[2025-09-06T16:48:44.462+0000] {subprocess.py:63} INFO - Tmp dir root location: /tmp
[2025-09-06T16:48:44.462+0000] {subprocess.py:75} INFO - Running command: ['/usr/bin/bash', '-c', 'export PATH="$PATH:/home/***/.local/bin" && cd /opt/***/dbt && DBT_PROFILES_DIR="/opt/***/dbt" dbt run --project-dir . --profiles-dir "/opt/***/dbt"']
[2025-09-06T16:48:44.467+0000] {subprocess.py:86} INFO - Output:
[2025-09-06T16:48:45.982+0000] {subprocess.py:93} INFO - [0m16:48:45  Running with dbt=1.10.11
[2025-09-06T16:48:46.147+0000] {subprocess.py:93} INFO - [0m16:48:46  Registered adapter: postgres=1.8.2
[2025-09-06T16:48:46.459+0000] {subprocess.py:93} INFO - [0m16:48:46  Found 3 models, 7 data tests, 1 source, 550 macros
[2025-09-06T16:48:46.461+0000] {subprocess.py:93} INFO - [0m16:48:46
[2025-09-06T16:48:46.461+0000] {subprocess.py:93} INFO - [0m16:48:46  Concurrency: 4 threads (target='dev')
[2025-09-06T16:48:46.462+0000] {subprocess.py:93} INFO - [0m16:48:46
[2025-09-06T16:48:46.577+0000] {subprocess.py:93} INFO - [0m16:48:46  1 of 3 START sql table model gold.customer_360 ................................. [RUN]
[2025-09-06T16:48:46.578+0000] {subprocess.py:93} INFO - [0m16:48:46  2 of 3 START sql table model silver.customers_clean ............................ [RUN]
[2025-09-06T16:48:46.579+0000] {subprocess.py:93} INFO - [0m16:48:46  3 of 3 START sql table model bronze.customers_raw .............................. [RUN]
[2025-09-06T16:48:46.721+0000] {subprocess.py:93} INFO - [0m16:48:46  1 of 3 OK created sql table model gold.customer_360 ............................ [[32mSELECT 1000[0m in 0.13s]
[2025-09-06T16:48:46.729+0000] {subprocess.py:93} INFO - [0m16:48:46  2 of 3 OK created sql table model silver.customers_clean ....................... [[32mSELECT 1000[0m in 0.15s]
[2025-09-06T16:48:46.738+0000] {subprocess.py:93} INFO - [0m16:48:46  3 of 3 OK created sql table model bronze.customers_raw ......................... [[32mSELECT 1000[0m in 0.16s]
[2025-09-06T16:48:46.746+0000] {subprocess.py:93} INFO - [0m16:48:46
[2025-09-06T16:48:46.747+0000] {subprocess.py:93} INFO - [0m16:48:46  Finished running 3 table models in 0 hours 0 minutes and 0.28 seconds (0.28s).
[2025-09-06T16:48:46.783+0000] {subprocess.py:93} INFO - [0m16:48:46
[2025-09-06T16:48:46.783+0000] {subprocess.py:93} INFO - [0m16:48:46  [32mCompleted successfully[0m
[2025-09-06T16:48:46.784+0000] {subprocess.py:93} INFO - [0m16:48:46
[2025-09-06T16:48:46.784+0000] {subprocess.py:93} INFO - [0m16:48:46  Done. PASS=3 WARN=0 ERROR=0 SKIP=0 NO-OP=0 TOTAL=3
[2025-09-06T16:48:48.389+0000] {subprocess.py:97} INFO - Command exited with return code 0
[2025-09-06T16:48:48.390+0000] {taskinstance.py:441} INFO - ::group::Post task execution logs
[2025-09-06T16:48:48.410+0000] {taskinstance.py:1206} INFO - Marking task as SUCCESS. dag_id=dbt_transformations, task_id=dbt_run, run_id=manual__2025-09-06T16:48:36.626210+00:00, execution_date=20250906T164836, start_date=20250906T164844, end_date=20250906T164848
[2025-09-06T16:48:48.441+0000] {local_task_job_runner.py:243} INFO - Task exited with return code 0
[2025-09-06T16:48:48.459+0000] {taskinstance.py:3503} INFO - 1 downstream tasks scheduled from follow-on schedule check
[2025-09-06T16:48:48.460+0000] {local_task_job_runner.py:222} INFO - ::endgroup::
