[2025-09-06T17:00:09.234+0000] {local_task_job_runner.py:120} INFO - ::group::Pre task execution logs
[2025-09-06T17:00:09.273+0000] {taskinstance.py:2076} INFO - Dependencies all met for dep_context=non-requeueable deps ti=<TaskInstance: dbt_transformations.dbt_run scheduled__2025-09-06T16:00:00+00:00 [queued]>
[2025-09-06T17:00:09.281+0000] {taskinstance.py:2076} INFO - Dependencies all met for dep_context=requeueable deps ti=<TaskInstance: dbt_transformations.dbt_run scheduled__2025-09-06T16:00:00+00:00 [queued]>
[2025-09-06T17:00:09.281+0000] {taskinstance.py:2306} INFO - Starting attempt 1 of 1
[2025-09-06T17:00:09.293+0000] {taskinstance.py:2330} INFO - Executing <Task(BashOperator): dbt_run> on 2025-09-06 16:00:00+00:00
[2025-09-06T17:00:09.300+0000] {standard_task_runner.py:90} INFO - Running: ['***', 'tasks', 'run', 'dbt_transformations', 'dbt_run', 'scheduled__2025-09-06T16:00:00+00:00', '--job-id', '110', '--raw', '--subdir', 'DAGS_FOLDER/dbt_transformations.py', '--cfg-path', '/tmp/tmp9pffcrn1']
[2025-09-06T17:00:09.304+0000] {standard_task_runner.py:91} INFO - Job 110: Subtask dbt_run
[2025-09-06T17:00:09.305+0000] {logging_mixin.py:188} WARNING - /home/***/.local/lib/python3.12/site-packages/***/task/task_runner/standard_task_runner.py:62 DeprecationWarning: This process (pid=4835) is multi-threaded, use of fork() may lead to deadlocks in the child.
[2025-09-06T17:00:09.307+0000] {standard_task_runner.py:64} INFO - Started process 4836 to run task
[2025-09-06T17:00:09.355+0000] {task_command.py:426} INFO - Running <TaskInstance: dbt_transformations.dbt_run scheduled__2025-09-06T16:00:00+00:00 [running]> on host dd8e0e853e24
[2025-09-06T17:00:09.428+0000] {taskinstance.py:2648} INFO - Exporting env vars: AIRFLOW_CTX_DAG_OWNER='***' AIRFLOW_CTX_DAG_ID='dbt_transformations' AIRFLOW_CTX_TASK_ID='dbt_run' AIRFLOW_CTX_EXECUTION_DATE='2025-09-06T16:00:00+00:00' AIRFLOW_CTX_TRY_NUMBER='1' AIRFLOW_CTX_DAG_RUN_ID='scheduled__2025-09-06T16:00:00+00:00'
[2025-09-06T17:00:09.428+0000] {taskinstance.py:430} INFO - ::endgroup::
[2025-09-06T17:00:09.443+0000] {subprocess.py:63} INFO - Tmp dir root location: /tmp
[2025-09-06T17:00:09.444+0000] {subprocess.py:75} INFO - Running command: ['/usr/bin/bash', '-c', 'export PATH="$PATH:/home/***/.local/bin" && cd /opt/***/dbt && DBT_PROFILES_DIR="/opt/***/dbt" dbt run --project-dir . --profiles-dir "/opt/***/dbt"']
[2025-09-06T17:00:09.452+0000] {subprocess.py:86} INFO - Output:
[2025-09-06T17:00:11.475+0000] {subprocess.py:93} INFO - [0m17:00:11  Running with dbt=1.10.11
[2025-09-06T17:00:11.685+0000] {subprocess.py:93} INFO - [0m17:00:11  Registered adapter: postgres=1.8.2
[2025-09-06T17:00:12.062+0000] {subprocess.py:93} INFO - [0m17:00:12  Found 3 models, 7 data tests, 1 source, 550 macros
[2025-09-06T17:00:12.065+0000] {subprocess.py:93} INFO - [0m17:00:12
[2025-09-06T17:00:12.068+0000] {subprocess.py:93} INFO - [0m17:00:12  Concurrency: 4 threads (target='dev')
[2025-09-06T17:00:12.068+0000] {subprocess.py:93} INFO - [0m17:00:12
[2025-09-06T17:00:12.369+0000] {subprocess.py:93} INFO - [0m17:00:12  1 of 3 START sql table model gold.customer_360 ................................. [RUN]
[2025-09-06T17:00:12.370+0000] {subprocess.py:93} INFO - [0m17:00:12  2 of 3 START sql table model silver.customers_clean ............................ [RUN]
[2025-09-06T17:00:12.371+0000] {subprocess.py:93} INFO - [0m17:00:12  3 of 3 START sql table model bronze.customers_raw .............................. [RUN]
[2025-09-06T17:00:12.519+0000] {subprocess.py:93} INFO - [0m17:00:12  1 of 3 OK created sql table model gold.customer_360 ............................ [[32mSELECT 1000[0m in 0.14s]
[2025-09-06T17:00:12.525+0000] {subprocess.py:93} INFO - [0m17:00:12  2 of 3 OK created sql table model silver.customers_clean ....................... [[32mSELECT 1000[0m in 0.15s]
[2025-09-06T17:00:12.534+0000] {subprocess.py:93} INFO - [0m17:00:12  3 of 3 OK created sql table model bronze.customers_raw ......................... [[32mSELECT 1000[0m in 0.16s]
[2025-09-06T17:00:12.544+0000] {subprocess.py:93} INFO - [0m17:00:12
[2025-09-06T17:00:12.544+0000] {subprocess.py:93} INFO - [0m17:00:12  Finished running 3 table models in 0 hours 0 minutes and 0.47 seconds (0.47s).
[2025-09-06T17:00:12.587+0000] {subprocess.py:93} INFO - [0m17:00:12
[2025-09-06T17:00:12.587+0000] {subprocess.py:93} INFO - [0m17:00:12  [32mCompleted successfully[0m
[2025-09-06T17:00:12.588+0000] {subprocess.py:93} INFO - [0m17:00:12
[2025-09-06T17:00:12.589+0000] {subprocess.py:93} INFO - [0m17:00:12  Done. PASS=3 WARN=0 ERROR=0 SKIP=0 NO-OP=0 TOTAL=3
[2025-09-06T17:00:14.316+0000] {subprocess.py:97} INFO - Command exited with return code 0
[2025-09-06T17:00:14.318+0000] {taskinstance.py:441} INFO - ::group::Post task execution logs
[2025-09-06T17:00:14.385+0000] {taskinstance.py:1206} INFO - Marking task as SUCCESS. dag_id=dbt_transformations, task_id=dbt_run, run_id=scheduled__2025-09-06T16:00:00+00:00, execution_date=20250906T160000, start_date=20250906T170009, end_date=20250906T170014
[2025-09-06T17:00:14.416+0000] {local_task_job_runner.py:243} INFO - Task exited with return code 0
[2025-09-06T17:00:14.454+0000] {taskinstance.py:3503} INFO - 1 downstream tasks scheduled from follow-on schedule check
[2025-09-06T17:00:14.456+0000] {local_task_job_runner.py:222} INFO - ::endgroup::
