[2025-09-06T16:48:37.197+0000] {local_task_job_runner.py:120} INFO - ::group::Pre task execution logs
[2025-09-06T16:48:37.220+0000] {taskinstance.py:2076} INFO - Dependencies all met for dep_context=non-requeueable deps ti=<TaskInstance: dbt_transformations.dbt_deps manual__2025-09-06T16:48:36.626210+00:00 [queued]>
[2025-09-06T16:48:37.228+0000] {taskinstance.py:2076} INFO - Dependencies all met for dep_context=requeueable deps ti=<TaskInstance: dbt_transformations.dbt_deps manual__2025-09-06T16:48:36.626210+00:00 [queued]>
[2025-09-06T16:48:37.228+0000] {taskinstance.py:2306} INFO - Starting attempt 1 of 1
[2025-09-06T16:48:37.235+0000] {taskinstance.py:2330} INFO - Executing <Task(BashOperator): dbt_deps> on 2025-09-06 16:48:36.626210+00:00
[2025-09-06T16:48:37.240+0000] {logging_mixin.py:188} WARNING - /home/***/.local/lib/python3.12/site-packages/***/task/task_runner/standard_task_runner.py:62 DeprecationWarning: This process (pid=4565) is multi-threaded, use of fork() may lead to deadlocks in the child.
[2025-09-06T16:48:37.240+0000] {standard_task_runner.py:64} INFO - Started process 4566 to run task
[2025-09-06T16:48:37.240+0000] {standard_task_runner.py:90} INFO - Running: ['***', 'tasks', 'run', 'dbt_transformations', 'dbt_deps', 'manual__2025-09-06T16:48:36.626210+00:00', '--job-id', '101', '--raw', '--subdir', 'DAGS_FOLDER/dbt_transformations.py', '--cfg-path', '/tmp/tmp65lz3pg1']
[2025-09-06T16:48:37.241+0000] {standard_task_runner.py:91} INFO - Job 101: Subtask dbt_deps
[2025-09-06T16:48:37.277+0000] {task_command.py:426} INFO - Running <TaskInstance: dbt_transformations.dbt_deps manual__2025-09-06T16:48:36.626210+00:00 [running]> on host dd8e0e853e24
[2025-09-06T16:48:37.338+0000] {taskinstance.py:2648} INFO - Exporting env vars: AIRFLOW_CTX_DAG_OWNER='***' AIRFLOW_CTX_DAG_ID='dbt_transformations' AIRFLOW_CTX_TASK_ID='dbt_deps' AIRFLOW_CTX_EXECUTION_DATE='2025-09-06T16:48:36.626210+00:00' AIRFLOW_CTX_TRY_NUMBER='1' AIRFLOW_CTX_DAG_RUN_ID='manual__2025-09-06T16:48:36.626210+00:00'
[2025-09-06T16:48:37.339+0000] {taskinstance.py:430} INFO - ::endgroup::
[2025-09-06T16:48:37.349+0000] {subprocess.py:63} INFO - Tmp dir root location: /tmp
[2025-09-06T16:48:37.349+0000] {subprocess.py:75} INFO - Running command: ['/usr/bin/bash', '-c', 'export PATH="$PATH:/home/***/.local/bin" && cd /opt/***/dbt && DBT_PROFILES_DIR="/opt/***/dbt" dbt deps']
[2025-09-06T16:48:37.355+0000] {subprocess.py:86} INFO - Output:
[2025-09-06T16:48:39.141+0000] {subprocess.py:93} INFO - [0m16:48:39  Running with dbt=1.10.11
[2025-09-06T16:48:39.877+0000] {subprocess.py:93} INFO - [0m16:48:39  Installing dbt-labs/dbt_utils
[2025-09-06T16:48:41.070+0000] {subprocess.py:93} INFO - [0m16:48:41  Installed from version 1.3.0
[2025-09-06T16:48:41.071+0000] {subprocess.py:93} INFO - [0m16:48:41  Up to date!
[2025-09-06T16:48:43.921+0000] {subprocess.py:97} INFO - Command exited with return code 0
[2025-09-06T16:48:43.923+0000] {taskinstance.py:441} INFO - ::group::Post task execution logs
[2025-09-06T16:48:43.949+0000] {taskinstance.py:1206} INFO - Marking task as SUCCESS. dag_id=dbt_transformations, task_id=dbt_deps, run_id=manual__2025-09-06T16:48:36.626210+00:00, execution_date=20250906T164836, start_date=20250906T164837, end_date=20250906T164843
[2025-09-06T16:48:43.984+0000] {local_task_job_runner.py:243} INFO - Task exited with return code 0
[2025-09-06T16:48:44.005+0000] {taskinstance.py:3503} INFO - 1 downstream tasks scheduled from follow-on schedule check
[2025-09-06T16:48:44.006+0000] {local_task_job_runner.py:222} INFO - ::endgroup::
